{"D:\\Programas y Aplicaciones\\serverless\\sls-reto-tecnico\\src\\commons\\dynamodb.config.ts": {"path":"D:\\Programas y Aplicaciones\\serverless\\sls-reto-tecnico\\src\\commons\\dynamodb.config.ts","statementMap":{"0":{"start":{"line":1,"column":0},"end":{"line":1,"column":31}},"1":{"start":{"line":4,"column":23},"end":{"line":10,"column":1}},"2":{"start":{"line":5,"column":2},"end":{"line":9,"column":5}},"3":{"start":{"line":12,"column":0},"end":{"line":12,"column":null}}},"fnMap":{"0":{"name":"(anonymous_6)","decl":{"start":{"line":4,"column":23},"end":{"line":4,"column":42}},"loc":{"start":{"line":4,"column":44},"end":{"line":10,"column":1}}}},"branchMap":{},"s":{"0":2,"1":2,"2":2,"3":2},"f":{"0":2},"b":{}}
,"D:\\Programas y Aplicaciones\\serverless\\sls-reto-tecnico\\src\\people\\service\\index.ts": {"path":"D:\\Programas y Aplicaciones\\serverless\\sls-reto-tecnico\\src\\people\\service\\index.ts","statementMap":{"0":{"start":{"line":2,"column":0},"end":{"line":2,"column":45}},"1":{"start":{"line":3,"column":0},"end":{"line":3,"column":59}},"2":{"start":{"line":5,"column":13},"end":{"line":5,"column":65}},"3":{"start":{"line":7,"column":0},"end":{"line":7,"column":29}}},"fnMap":{},"branchMap":{},"s":{"0":2,"1":2,"2":2,"3":2},"f":{},"b":{}}
,"D:\\Programas y Aplicaciones\\serverless\\sls-reto-tecnico\\src\\people\\service\\people.service.ts": {"path":"D:\\Programas y Aplicaciones\\serverless\\sls-reto-tecnico\\src\\people\\service\\people.service.ts","statementMap":{"0":{"start":{"line":3,"column":0},"end":{"line":3,"column":36}},"1":{"start":{"line":6,"column":24},"end":{"line":6,"column":54}},"2":{"start":{"line":9,"column":8},"end":{"line":9,"column":null}},"3":{"start":{"line":10,"column":51},"end":{"line":15,"column":null}},"4":{"start":{"line":16,"column":8},"end":{"line":16,"column":null}},"5":{"start":{"line":17,"column":23},"end":{"line":17,"column":70}},"6":{"start":{"line":18,"column":8},"end":{"line":18,"column":null}},"7":{"start":{"line":19,"column":8},"end":{"line":19,"column":32}},"8":{"start":{"line":23,"column":25},"end":{"line":23,"column":33}},"9":{"start":{"line":25,"column":8},"end":{"line":28,"column":21}},"10":{"start":{"line":30,"column":8},"end":{"line":30,"column":24}},"11":{"start":{"line":5,"column":0},"end":{"line":5,"column":21}}},"fnMap":{"0":{"name":"(anonymous_0)","decl":{"start":{"line":6,"column":4},"end":{"line":6,"column":24}},"loc":{"start":{"line":6,"column":54},"end":{"line":6,"column":57}}},"1":{"name":"(anonymous_1)","decl":{"start":{"line":8,"column":4},"end":{"line":8,"column":9}},"loc":{"start":{"line":8,"column":40},"end":{"line":20,"column":5}}},"2":{"name":"(anonymous_2)","decl":{"start":{"line":22,"column":4},"end":{"line":22,"column":9}},"loc":{"start":{"line":22,"column":36},"end":{"line":31,"column":5}}}},"branchMap":{},"s":{"0":2,"1":2,"2":1,"3":1,"4":1,"5":1,"6":1,"7":1,"8":1,"9":1,"10":1,"11":2},"f":{"0":2,"1":1,"2":1},"b":{}}
}
