{"E:\\Proyectos\\GIT Proyectos\\aws-challenge\\src\\commons\\dynamodb.config.ts": {"path":"E:\\Proyectos\\GIT Proyectos\\aws-challenge\\src\\commons\\dynamodb.config.ts","statementMap":{"0":{"start":{"line":1,"column":0},"end":{"line":1,"column":31}},"1":{"start":{"line":4,"column":23},"end":{"line":10,"column":1}},"2":{"start":{"line":5,"column":2},"end":{"line":9,"column":5}},"3":{"start":{"line":12,"column":0},"end":{"line":12,"column":null}}},"fnMap":{"0":{"name":"(anonymous_6)","decl":{"start":{"line":4,"column":23},"end":{"line":4,"column":42}},"loc":{"start":{"line":4,"column":44},"end":{"line":10,"column":1}}}},"branchMap":{},"s":{"0":2,"1":2,"2":2,"3":2},"f":{"0":2},"b":{}}
,"E:\\Proyectos\\GIT Proyectos\\aws-challenge\\src\\people\\service\\index.ts": {"path":"E:\\Proyectos\\GIT Proyectos\\aws-challenge\\src\\people\\service\\index.ts","statementMap":{"0":{"start":{"line":2,"column":0},"end":{"line":2,"column":45}},"1":{"start":{"line":3,"column":0},"end":{"line":3,"column":59}},"2":{"start":{"line":5,"column":13},"end":{"line":5,"column":65}},"3":{"start":{"line":7,"column":0},"end":{"line":7,"column":29}}},"fnMap":{},"branchMap":{},"s":{"0":2,"1":2,"2":2,"3":2},"f":{},"b":{}}
,"E:\\Proyectos\\GIT Proyectos\\aws-challenge\\src\\people\\service\\people.service.ts": {"path":"E:\\Proyectos\\GIT Proyectos\\aws-challenge\\src\\people\\service\\people.service.ts","statementMap":{"0":{"start":{"line":3,"column":0},"end":{"line":3,"column":36}},"1":{"start":{"line":6,"column":24},"end":{"line":6,"column":54}},"2":{"start":{"line":9,"column":52},"end":{"line":14,"column":null}},"3":{"start":{"line":16,"column":23},"end":{"line":16,"column":70}},"4":{"start":{"line":18,"column":8},"end":{"line":22,"column":null}},"5":{"start":{"line":19,"column":12},"end":{"line":19,"column":36}},"6":{"start":{"line":21,"column":12},"end":{"line":21,"column":null}},"7":{"start":{"line":26,"column":25},"end":{"line":26,"column":33}},"8":{"start":{"line":28,"column":8},"end":{"line":31,"column":21}},"9":{"start":{"line":33,"column":8},"end":{"line":33,"column":24}},"10":{"start":{"line":5,"column":0},"end":{"line":5,"column":21}}},"fnMap":{"0":{"name":"(anonymous_0)","decl":{"start":{"line":6,"column":4},"end":{"line":6,"column":24}},"loc":{"start":{"line":6,"column":54},"end":{"line":6,"column":59}}},"1":{"name":"(anonymous_1)","decl":{"start":{"line":8,"column":4},"end":{"line":8,"column":9}},"loc":{"start":{"line":8,"column":39},"end":{"line":23,"column":5}}},"2":{"name":"(anonymous_2)","decl":{"start":{"line":25,"column":4},"end":{"line":25,"column":9}},"loc":{"start":{"line":25,"column":35},"end":{"line":34,"column":5}}}},"branchMap":{"0":{"loc":{"start":{"line":18,"column":8},"end":{"line":22,"column":null}},"type":"if","locations":[{"start":{"line":18,"column":8},"end":{"line":22,"column":null}},{"start":{"line":20,"column":15},"end":{"line":22,"column":null}}]}},"s":{"0":2,"1":2,"2":1,"3":1,"4":1,"5":1,"6":0,"7":1,"8":1,"9":1,"10":2},"f":{"0":2,"1":1,"2":1},"b":{"0":[1,0]}}
}
