TN:
SF:src\commons\dynamodb.config.ts
FN:4,(anonymous_6)
FNF:1
FNH:1
FNDA:2,(anonymous_6)
DA:1,2
DA:4,2
DA:5,2
DA:12,2
LF:4
LH:4
BRF:0
BRH:0
end_of_record
TN:
SF:src\people\service\index.ts
FNF:0
FNH:0
DA:2,2
DA:3,2
DA:5,2
DA:7,2
LF:4
LH:4
BRF:0
BRH:0
end_of_record
TN:
SF:src\people\service\people.service.ts
FN:6,(anonymous_0)
FN:8,(anonymous_1)
FN:22,(anonymous_2)
FNF:3
FNH:3
FNDA:2,(anonymous_0)
FNDA:1,(anonymous_1)
FNDA:1,(anonymous_2)
DA:3,2
DA:5,2
DA:6,2
DA:9,1
DA:10,1
DA:16,1
DA:17,1
DA:18,1
DA:19,1
DA:23,1
DA:25,1
DA:30,1
LF:12
LH:12
BRF:0
BRH:0
end_of_record
